<?xml version="1.0" encoding="UTF-8"?>
<!-- Generated by org.testng.reporters.JUnitReportReporter -->
<testsuite hostname="Rayuga" failures="0" tests="1" name="eCommerceLive.TestCase7b" time="17.395" errors="0" timestamp="2024-05-13T17:38:50 IST" skipped="0">
  <testcase classname="eCommerceLive.TestCase7b" name="testTestCase7b" time="17.395"/>
</testsuite> <!-- eCommerceLive.TestCase7b -->
