<?xml version="1.0" encoding="UTF-8"?>
<!-- Generated by org.testng.reporters.JUnitReportReporter -->
<testsuite hostname="Rayuga" failures="0" tests="1" name="eCommerceLive.TestCase1" time="7.012" errors="0" timestamp="2024-05-08T16:30:49 IST" skipped="0">
  <testcase classname="eCommerceLive.TestCase1" name="testDay1TestCase1" time="7.012"/>
</testsuite> <!-- eCommerceLive.TestCase1 -->
