<?xml version="1.0" encoding="UTF-8"?>
<!-- Generated by org.testng.reporters.JUnitReportReporter -->
<testsuite hostname="Rayuga" failures="0" tests="1" name="eCommerceLive.TestCase9" time="12.667" errors="0" timestamp="2024-05-16T16:37:32 IST" skipped="0">
  <testcase classname="eCommerceLive.TestCase9" name="testTestCase9" time="12.667"/>
</testsuite> <!-- eCommerceLive.TestCase9 -->
