<?xml version="1.0" encoding="UTF-8"?>
<!-- Generated by org.testng.reporters.JUnitReportReporter -->
<testsuite hostname="Rayuga" failures="0" tests="1" name="eCommerceLive.TestCase4" time="16.597" errors="0" timestamp="2024-05-10T16:01:59 IST" skipped="0">
  <testcase classname="eCommerceLive.TestCase4" name="testTestCase4" time="16.597"/>
</testsuite> <!-- eCommerceLive.TestCase4 -->
