<?xml version="1.0" encoding="UTF-8"?>
<!-- Generated by org.testng.reporters.JUnitReportReporter -->
<testsuite hostname="Rayuga" failures="0" tests="1" name="eCommerceLive.TestCase8" time="60.056" errors="0" timestamp="2024-05-14T16:19:06 IST" skipped="0">
  <testcase classname="eCommerceLive.TestCase8" name="testTestCase8" time="60.056"/>
</testsuite> <!-- eCommerceLive.TestCase8 -->
