<?xml version="1.0" encoding="UTF-8"?>
<!-- Generated by org.testng.reporters.JUnitReportReporter -->
<testsuite hostname="Rayuga" failures="0" tests="1" name="eCommerceLive.TestCase2" time="9.642" errors="0" timestamp="2024-05-08T16:52:05 IST" skipped="0">
  <testcase classname="eCommerceLive.TestCase2" name="testTestCase2" time="9.642"/>
</testsuite> <!-- eCommerceLive.TestCase2 -->
