<?xml version="1.0" encoding="UTF-8"?>
<!-- Generated by org.testng.reporters.JUnitReportReporter -->
<testsuite hostname="Rayuga" failures="0" tests="1" name="eCommerceLive.TestCase3" time="10.895" errors="0" timestamp="2024-05-09T16:04:17 IST" skipped="0">
  <testcase classname="eCommerceLive.TestCase3" name="testTestCase3" time="10.895"/>
</testsuite> <!-- eCommerceLive.TestCase3 -->
