<?xml version="1.0" encoding="UTF-8"?>
<!-- Generated by org.testng.reporters.JUnitReportReporter -->
<testsuite hostname="Rayuga" failures="0" tests="1" name="eCommerceLive.TestCase7a" time="15.812" errors="0" timestamp="2024-05-13T17:42:59 IST" skipped="0">
  <testcase classname="eCommerceLive.TestCase7a" name="testTestCase7a" time="15.812"/>
</testsuite> <!-- eCommerceLive.TestCase7a -->
